# JRE version: Java(TM) SE Runtime Environment (8.0_121-b13) (build 1.8.0_121-b13)
# Java VM: Java HotSpot(TM) 64-Bit Server VM (25.121-b13 mixed mode windows-amd64 compressed oops)
Heap:
 PSYoungGen      total 70656K, used 8901K [0x00000000eb100000, 0x00000000eff00000, 0x0000000100000000)
  eden space 63488K, 3% used [0x00000000eb100000,0x00000000eb2ebb70,0x00000000eef00000)
  from space 7168K, 96% used [0x00000000eef00000,0x00000000ef5c59b8,0x00000000ef600000)
  to   space 5120K, 0% used [0x00000000ef600000,0x00000000ef600000,0x00000000efb00000)
 ParOldGen       total 26112K, used 6089K [0x00000000c1200000, 0x00000000c2b80000, 0x00000000eb100000)
  object space 26112K, 23% used [0x00000000c1200000,0x00000000c17f2560,0x00000000c2b80000)
 Metaspace       used 24918K, capacity 26282K, committed 26624K, reserved 1073152K
  class space    used 3189K, capacity 3475K, committed 3584K, reserved 1048576K
GC Heap History (10 events):
Event: 15.722 GC heap before
{Heap before GC invocations=6 (full 0):
 PSYoungGen      total 35328K, used 35301K [0x00000000eb100000, 0x00000000efb00000, 0x0000000100000000)
  eden space 32768K, 100% used [0x00000000eb100000,0x00000000ed100000,0x00000000ed100000)
  from space 2560K, 98% used [0x00000000ed100000,0x00000000ed379638,0x00000000ed380000)
  to   space 5120K, 0% used [0x00000000ef600000,0x00000000ef600000,0x00000000efb00000)
 ParOldGen       total 44032K, used 3572K [0x00000000c1200000, 0x00000000c3d00000, 0x00000000eb100000)
  object space 44032K, 8% used [0x00000000c1200000,0x00000000c157d300,0x00000000c3d00000)
 Metaspace       used 16261K, capacity 17006K, committed 17024K, reserved 1064960K
  class space    used 1988K, capacity 2160K, committed 2176K, reserved 1048576K
Event: 15.740 GC heap after
Heap after GC invocations=6 (full 0):
 PSYoungGen      total 68608K, used 5114K [0x00000000eb100000, 0x00000000eff00000, 0x0000000100000000)
  eden space 63488K, 0% used [0x00000000eb100000,0x00000000eb100000,0x00000000eef00000)
  from space 5120K, 99% used [0x00000000ef600000,0x00000000efafeb88,0x00000000efb00000)
  to   space 7168K, 0% used [0x00000000eef00000,0x00000000eef00000,0x00000000ef600000)
 ParOldGen       total 44032K, used 4990K [0x00000000c1200000, 0x00000000c3d00000, 0x00000000eb100000)
  object space 44032K, 11% used [0x00000000c1200000,0x00000000c16df988,0x00000000c3d00000)
 Metaspace       used 16261K, capacity 17006K, committed 17024K, reserved 1064960K
  class space    used 1988K, capacity 2160K, committed 2176K, reserved 1048576K
}
Event: 17.890 GC heap before
{Heap before GC invocations=7 (full 0):
 PSYoungGen      total 68608K, used 68541K [0x00000000eb100000, 0x00000000eff00000, 0x0000000100000000)
  eden space 63488K, 99% used [0x00000000eb100000,0x00000000eeef09c8,0x00000000eef00000)
  from space 5120K, 99% used [0x00000000ef600000,0x00000000efafeb88,0x00000000efb00000)
  to   space 7168K, 0% used [0x00000000eef00000,0x00000000eef00000,0x00000000ef600000)
 ParOldGen       total 44032K, used 4990K [0x00000000c1200000, 0x00000000c3d00000, 0x00000000eb100000)
  object space 44032K, 11% used [0x00000000c1200000,0x00000000c16df988,0x00000000c3d00000)
 Metaspace       used 19360K, capacity 20248K, committed 20352K, reserved 1067008K
  class space    used 2431K, capacity 2607K, committed 2688K, reserved 1048576K
Event: 17.903 GC heap after
Heap after GC invocations=7 (full 0):
 PSYoungGen      total 70656K, used 5679K [0x00000000eb100000, 0x00000000eff00000, 0x0000000100000000)
  eden space 63488K, 0% used [0x00000000eb100000,0x00000000eb100000,0x00000000eef00000)
  from space 7168K, 79% used [0x00000000eef00000,0x00000000ef48bde8,0x00000000ef600000)
  to   space 5120K, 0% used [0x00000000ef600000,0x00000000ef600000,0x00000000efb00000)
 ParOldGen       total 44032K, used 6449K [0x00000000c1200000, 0x00000000c3d00000, 0x00000000eb100000)
  object space 44032K, 14% used [0x00000000c1200000,0x00000000c184c7f8,0x00000000c3d00000)
 Metaspace       used 19360K, capacity 20248K, committed 20352K, reserved 1067008K
  class space    used 2431K, capacity 2607K, committed 2688K, reserved 1048576K
}
Event: 19.279 GC heap before
{Heap before GC invocations=8 (full 0):
 PSYoungGen      total 70656K, used 24747K [0x00000000eb100000, 0x00000000eff00000, 0x0000000100000000)
  eden space 63488K, 30% used [0x00000000eb100000,0x00000000ec39efc8,0x00000000eef00000)
  from space 7168K, 79% used [0x00000000eef00000,0x00000000ef48bde8,0x00000000ef600000)
  to   space 5120K, 0% used [0x00000000ef600000,0x00000000ef600000,0x00000000efb00000)
 ParOldGen       total 44032K, used 6449K [0x00000000c1200000, 0x00000000c3d00000, 0x00000000eb100000)
  object space 44032K, 14% used [0x00000000c1200000,0x00000000c184c7f8,0x00000000c3d00000)
 Metaspace       used 20276K, capacity 21188K, committed 21248K, reserved 1067008K
  class space    used 2533K, capacity 2761K, committed 2816K, reserved 1048576K
Event: 19.285 GC heap after
Heap after GC invocations=8 (full 0):
 PSYoungGen      total 68608K, used 4337K [0x00000000eb100000, 0x00000000eff00000, 0x0000000100000000)
  eden space 63488K, 0% used [0x00000000eb100000,0x00000000eb100000,0x00000000eef00000)
  from space 5120K, 84% used [0x00000000ef600000,0x00000000efa3c750,0x00000000efb00000)
  to   space 7168K, 0% used [0x00000000eef00000,0x00000000eef00000,0x00000000ef600000)
 ParOldGen       total 44032K, used 6457K [0x00000000c1200000, 0x00000000c3d00000, 0x00000000eb100000)
  object space 44032K, 14% used [0x00000000c1200000,0x00000000c184e7f8,0x00000000c3d00000)
 Metaspace       used 20276K, capacity 21188K, committed 21248K, reserved 1067008K
  class space    used 2533K, capacity 2761K, committed 2816K, reserved 1048576K
}
Event: 19.285 GC heap before
{Heap before GC invocations=9 (full 1):
 PSYoungGen      total 68608K, used 4337K [0x00000000eb100000, 0x00000000eff00000, 0x0000000100000000)
  eden space 63488K, 0% used [0x00000000eb100000,0x00000000eb100000,0x00000000eef00000)
  from space 5120K, 84% used [0x00000000ef600000,0x00000000efa3c750,0x00000000efb00000)
  to   space 7168K, 0% used [0x00000000eef00000,0x00000000eef00000,0x00000000ef600000)
 ParOldGen       total 44032K, used 6457K [0x00000000c1200000, 0x00000000c3d00000, 0x00000000eb100000)
  object space 44032K, 14% used [0x00000000c1200000,0x00000000c184e7f8,0x00000000c3d00000)
 Metaspace       used 20276K, capacity 21188K, committed 21248K, reserved 1067008K
  class space    used 2533K, capacity 2761K, committed 2816K, reserved 1048576K
Event: 19.341 GC heap after
Heap after GC invocations=9 (full 1):
 PSYoungGen      total 68608K, used 0K [0x00000000eb100000, 0x00000000eff00000, 0x0000000100000000)
  eden space 63488K, 0% used [0x00000000eb100000,0x00000000eb100000,0x00000000eef00000)
  from space 5120K, 0% used [0x00000000ef600000,0x00000000ef600000,0x00000000efb00000)
  to   space 7168K, 0% used [0x00000000eef00000,0x00000000eef00000,0x00000000ef600000)
 ParOldGen       total 26112K, used 6081K [0x00000000c1200000, 0x00000000c2b80000, 0x00000000eb100000)
  object space 26112K, 23% used [0x00000000c1200000,0x00000000c17f0560,0x00000000c2b80000)
 Metaspace       used 20276K, capacity 21188K, committed 21248K, reserved 1067008K
  class space    used 2533K, capacity 2761K, committed 2816K, reserved 1048576K
}
Event: 24.507 GC heap before
{Heap before GC invocations=10 (full 1):
 PSYoungGen      total 68608K, used 63488K [0x00000000eb100000, 0x00000000eff00000, 0x0000000100000000)
  eden space 63488K, 100% used [0x00000000eb100000,0x00000000eef00000,0x00000000eef00000)
  from space 5120K, 0% used [0x00000000ef600000,0x00000000ef600000,0x00000000efb00000)
  to   space 7168K, 0% used [0x00000000eef00000,0x00000000eef00000,0x00000000ef600000)
 ParOldGen       total 26112K, used 6081K [0x00000000c1200000, 0x00000000c2b80000, 0x00000000eb100000)
  object space 26112K, 23% used [0x00000000c1200000,0x00000000c17f0560,0x00000000c2b80000)
 Metaspace       used 24713K, capacity 25996K, committed 26240K, reserved 1073152K
  class space    used 3143K, capacity 3404K, committed 3456K, reserved 1048576K
Event: 24.517 GC heap after
Heap after GC invocations=10 (full 1):
 PSYoungGen      total 70656K, used 6934K [0x00000000eb100000, 0x00000000eff00000, 0x0000000100000000)
  eden space 63488K, 0% used [0x00000000eb100000,0x00000000eb100000,0x00000000eef00000)
  from space 7168K, 96% used [0x00000000eef00000,0x00000000ef5c59b8,0x00000000ef600000)
  to   space 5120K, 0% used [0x00000000ef600000,0x00000000ef600000,0x00000000efb00000)
 ParOldGen       total 26112K, used 6089K [0x00000000c1200000, 0x00000000c2b80000, 0x00000000eb100000)
  object space 26112K, 23% used [0x00000000c1200000,0x00000000c17f2560,0x00000000c2b80000)
 Metaspace       used 24713K, capacity 25996K, committed 26240K, reserved 1073152K
  class space    used 3143K, capacity 3404K, committed 3456K, reserved 1048576K
}

